The magic happens on port 80
The magic happens on port 80
[]
Hi
{ _id: 590588b2580fa00a1b32012d,
  __v: 0,
  following: [],
  followers: [],
  local: 
   { lastName: 'Fantell',
     firstName: 'John',
     password: '$2a$08$s/jQDjZigPjI/PcnVBuvs.Vcg12RNjXvnJp5BXXoGVWKy6z7Ip7Fi',
     email: 'fantej@rpi.edu' } }
Hell0
{ _id: 590588b2580fa00a1b32012d,
  __v: 0,
  following: [],
  followers: [],
  local: 
   { lastName: 'Fantell',
     firstName: 'John',
     password: '$2a$08$s/jQDjZigPjI/PcnVBuvs.Vcg12RNjXvnJp5BXXoGVWKy6z7Ip7Fi',
     email: 'fantej@rpi.edu' } }
{ _id: 590588b2580fa00a1b32012d,
  __v: 0,
  following: [],
  followers: [],
  local: 
   { lastName: 'Fantell',
     firstName: 'John',
     password: '$2a$08$s/jQDjZigPjI/PcnVBuvs.Vcg12RNjXvnJp5BXXoGVWKy6z7Ip7Fi',
     email: 'fantej@rpi.edu' } }
{ bio: 'Hey man' }
null
Test Hey man
{ _id: 590588b2580fa00a1b32012d,
  __v: 0,
  biography: 'Hey man',
  following: [],
  followers: [],
  local: 
   { lastName: 'Fantell',
     firstName: 'John',
     password: '$2a$08$s/jQDjZigPjI/PcnVBuvs.Vcg12RNjXvnJp5BXXoGVWKy6z7Ip7Fi',
     email: 'fantej@rpi.edu' } }
{ _id: 590588b2580fa00a1b32012d,
  __v: 0,
  biography: 'Hey man',
  following: [],
  followers: [],
  local: 
   { lastName: 'Fantell',
     firstName: 'John',
     password: '$2a$08$s/jQDjZigPjI/PcnVBuvs.Vcg12RNjXvnJp5BXXoGVWKy6z7Ip7Fi',
     email: 'fantej@rpi.edu' } }
[]
Hi
[]
Hi
[]
Hi
[]
Hi
[]
Hi
[]
Hi
[]
Hi
[]
Hi
[]
Hi
[]
Hi
[]
Hi
{ _id: 590588b2580fa00a1b32012d,
  __v: 0,
  biography: 'Hey man',
  following: [],
  followers: [],
  local: 
   { lastName: 'Fantell',
     firstName: 'John',
     password: '$2a$08$s/jQDjZigPjI/PcnVBuvs.Vcg12RNjXvnJp5BXXoGVWKy6z7Ip7Fi',
     email: 'fantej@rpi.edu' } }
[]
Hi
{ _id: 590588b2580fa00a1b32012d,
  __v: 0,
  biography: 'Hey man',
  following: [],
  followers: [],
  local: 
   { lastName: 'Fantell',
     firstName: 'John',
     password: '$2a$08$s/jQDjZigPjI/PcnVBuvs.Vcg12RNjXvnJp5BXXoGVWKy6z7Ip7Fi',
     email: 'fantej@rpi.edu' } }
{ _id: 590588b2580fa00a1b32012d,
  __v: 0,
  biography: 'Hey man',
  following: [],
  followers: [],
  local: 
   { lastName: 'Fantell',
     firstName: 'John',
     password: '$2a$08$s/jQDjZigPjI/PcnVBuvs.Vcg12RNjXvnJp5BXXoGVWKy6z7Ip7Fi',
     email: 'fantej@rpi.edu' } }
[]
Hi
[]
Hi
[]
Hi
[]
Hi
[]
Hi
[]
Hi
{ _id: 59064fb43437710edd431ba9,
  __v: 0,
  following: [],
  followers: [],
  local: 
   { lastName: 'Flynn',
     firstName: 'Ryan',
     password: '$2a$08$HAdAijtv/v.ognZye3ZgCOEquWooee7CD5SqOxwAYlQiPGwVPClo2',
     email: 'rjf.flynn@gmail.com' } }
[]
Hi
[]
Hi
[]
Hi
[]
Hi
[]
Hi
[]
Hi
[]
Hi
[]
Hi
[]
Hi
[]
Hi
[]
Hi
[]
Hi
[]
Hi
[]
Hi
[]
Hi
[]
Hi
[]
Hi
[]
Hi
[]
Hi
[]
Hi
[]
Hi
[]
Hi
[]
Hi
[]
Hi
[]
Hi
[]
Hi
{ _id: 590588b2580fa00a1b32012d,
  __v: 0,
  biography: 'Hey man',
  following: [],
  followers: [],
  local: 
   { lastName: 'Fantell',
     firstName: 'John',
     password: '$2a$08$s/jQDjZigPjI/PcnVBuvs.Vcg12RNjXvnJp5BXXoGVWKy6z7Ip7Fi',
     email: 'fantej@rpi.edu' } }
[]
Hi
{ _id: 590588b2580fa00a1b32012d,
  __v: 0,
  biography: 'Hey man',
  following: [],
  followers: [],
  local: 
   { lastName: 'Fantell',
     firstName: 'John',
     password: '$2a$08$s/jQDjZigPjI/PcnVBuvs.Vcg12RNjXvnJp5BXXoGVWKy6z7Ip7Fi',
     email: 'fantej@rpi.edu' } }
{ checked: { following: 'YES', followers: 'YES', me: 'YES' },
  option: 'Artists' }
1
I made it here!!!!!!!!!!
THIS IS I the problem
LENGTH 1
590588b2580fa00a1b32012d 'Michael'
playlist deleted
done
Hell0
null
{ _id: 590588b2580fa00a1b32012d,
  __v: 0,
  biography: 'Hey man',
  following: [],
  followers: [],
  local: 
   { lastName: 'Fantell',
     firstName: 'John',
     password: '$2a$08$s/jQDjZigPjI/PcnVBuvs.Vcg12RNjXvnJp5BXXoGVWKy6z7Ip7Fi',
     email: 'fantej@rpi.edu' } }
null
{ _id: 590588b2580fa00a1b32012d,
  __v: 0,
  biography: 'Hey man',
  following: [ { name: 'fantej@rpi.edu', _id: '590588b2580fa00a1b32012d' } ],
  followers: [],
  local: 
   { lastName: 'Fantell',
     firstName: 'John',
     password: '$2a$08$s/jQDjZigPjI/PcnVBuvs.Vcg12RNjXvnJp5BXXoGVWKy6z7Ip7Fi',
     email: 'fantej@rpi.edu' } }
Hell0
{ friend: '590588b2580fa00a1b32012d' }
{ friend: '590588b2580fa00a1b32012d' }
{ friend: '590588b2580fa00a1b32012d' }
{ friend: '590588b2580fa00a1b32012d' }
{ friend: '590588b2580fa00a1b32012d' }
{ friend: '590588b2580fa00a1b32012d' }
{ friend: '590588b2580fa00a1b32012d' }
{ friend: '590588b2580fa00a1b32012d' }
{ friend: '590588b2580fa00a1b32012d',
  playlist_name: 'Hayley\'s Playlist' }
clone
[]
Hi
[]
Hi
{ _id: 590588b2580fa00a1b32012d,
  __v: 0,
  biography: 'Hey man',
  following: [ { name: 'fantej@rpi.edu', _id: '590588b2580fa00a1b32012d' } ],
  followers: [ { name: 'fantej@rpi.edu', _id: '590588b2580fa00a1b32012d' } ],
  local: 
   { lastName: 'Fantell',
     firstName: 'John',
     password: '$2a$08$s/jQDjZigPjI/PcnVBuvs.Vcg12RNjXvnJp5BXXoGVWKy6z7Ip7Fi',
     email: 'fantej@rpi.edu' } }
{ _id: 590588b2580fa00a1b32012d,
  __v: 0,
  biography: 'Hey man',
  following: [ { name: 'fantej@rpi.edu', _id: '590588b2580fa00a1b32012d' } ],
  followers: [ { name: 'fantej@rpi.edu', _id: '590588b2580fa00a1b32012d' } ],
  local: 
   { lastName: 'Fantell',
     firstName: 'John',
     password: '$2a$08$s/jQDjZigPjI/PcnVBuvs.Vcg12RNjXvnJp5BXXoGVWKy6z7Ip7Fi',
     email: 'fantej@rpi.edu' } }
{ _id: 590588b2580fa00a1b32012d,
  __v: 0,
  biography: 'Hey man',
  following: [ { name: 'fantej@rpi.edu', _id: '590588b2580fa00a1b32012d' } ],
  followers: [ { name: 'fantej@rpi.edu', _id: '590588b2580fa00a1b32012d' } ],
  local: 
   { lastName: 'Fantell',
     firstName: 'John',
     password: '$2a$08$s/jQDjZigPjI/PcnVBuvs.Vcg12RNjXvnJp5BXXoGVWKy6z7Ip7Fi',
     email: 'fantej@rpi.edu' } }
[]
Hi
{ _id: 590588b2580fa00a1b32012d,
  __v: 0,
  biography: 'Hey man',
  following: [ { name: 'fantej@rpi.edu', _id: '590588b2580fa00a1b32012d' } ],
  followers: [ { name: 'fantej@rpi.edu', _id: '590588b2580fa00a1b32012d' } ],
  local: 
   { lastName: 'Fantell',
     firstName: 'John',
     password: '$2a$08$s/jQDjZigPjI/PcnVBuvs.Vcg12RNjXvnJp5BXXoGVWKy6z7Ip7Fi',
     email: 'fantej@rpi.edu' } }
[]
Hi
[]
Hi
[]
Hi
[]
Hi
[]
Hi
[]
Hi
[]
Hi
[]
Hi
[]
Hi
[]
Hi
[]
Hi
[]
Hi
[]
Hi
[]
Hi
[]
Hi
The magic happens on port 80
[]
Tracks
null
[]
[]
[]
Error 101: Google authenicated with more than one SingleStream account
Tracks
null
[]
[]
Error 101: Google authenicated with more than one SingleStream account
null
null
null
[]
Tracks
null
Tracks
Tracks
[]
Tracks
null
[]
[]
[]
[]
[]
[]
[]
[]
[]
[]
[]
[]
[]
[]
[]
[]
[]
[]
[]
[]
[]
[]
[]
[]
[]
[]
[]
[]
[]
[]
[]
[]
[]
[]
[]
[]
[]
[]
[]
[]
[]
[]
[]
[]
[]
[]
[]
[]
[]
[]
[]
[]
[]
[]
[]
[]
[]
[]
[]
[]
[]
[]
[]
[]
[]
[]
[]
[]
[]
[]
[]
[]
[]
[]
[]
[]
[]
[]
[]
[]
[]
[]
[]
[]
[]
[]
[]
[]
[]
[]
[]
[]
[]
[]
[]
[]
[]
[]
[]
[]
[]
[]
[]
[]
[]
[]
[]
[]
[]
[]
[]
[]
[]
[]
[]
[]
[]
[]
[]
[]
[]
[]
[]
[]
[]
[]
[]
[]
[]
[]
[]
[]
[]
[]
[]
[]
[]
[]
[]
[]
[]
[]
[]
[]
[]
[]
[]
[]
[]
[]
[]
[]
[]
[]
[]
[]
[]
[]
[]
[]
[]
[]
[]
[]
[]
null
Error 101: Google authenicated with more than one SingleStream account
Tracks
null
[]
[]
[]
[]
[]
[]
[]
[]
[]
[]
[]
[]
[]
[]
[]
[]
[]
[]
[]
[]
[]
[]
[]
[]
[]
[]
[]
[]
[]
[]
[]
[]
[]
[]
[]
[]
[]
[]
[]
[]
[]
[]
[]
[]
[]
[]
[]
[]
[]
[]
[]
[]
[]
[]
[]
[]
[]
[]
[]
[]
[]
[]
[]
[]
[]
[]
[]
[]
[]
[]
[]
[]
[]
[]
[]
[]
[]
[]
[]
[]
[]
[]
[]
[]
[]
[]
[]
[]
[]
[]
[]
[]
[]
[]
[]
[]
[]
[]
[]
[]
[]
[]
[]
[]
[]
[]
[]
[]
[]
[]
[]
[]
[]
[]
[]
[]
[]
[]
[]
[]
[]
[]
[]
[]
[]
[]
[]
[]
[]
[]
[]
[]
[]
[]
[]
[]
[]
[]
[]
[]
[]
[]
[]
[]
[]
[]
[]
[]
[]
[]
[]
[]
[]
[]
[]
[]
[]
Error 101: Google authenicated with more than one SingleStream account
Tracks
[]
Tracks
Tracks
Tracks
Tracks
null
null
null
null
null
null
Tracks
Tracks
null
[]
[]
[]
[]
Tracks
null
[]
[]
[]
[]
[]
[]
Tracks
null
[]
[]
[]
[]
[]
[]
[]
[]
[]
[]
[]
[]
[]
[]
[]
[]
[]
[]
[]
[]
[]
[]
[]
[]
[]
[]
[]
[]
[]
[]
[]
[]
[]
[]
[]
[]
[]
[]
[]
[]
[]
[]
[]
[]
[]
[]
[]
[]
[]
[]
[]
[]
[]
[]
[]
[]
[]
[]
[]
[]
[]
[]
[]
[]
[]
[]
[]
[]
[]
[]
[]
[]
[]
[]
[]
[]
[]
[]
[]
[]
[]
[]
[]
[]
[]
[]
[]
[]
[]
[]
[]
[]
[]
[]
[]
[]
[]
[]
[]
[]
[]
[]
[]
[]
[]
[]
[]
[]
[]
[]
[]
[]
[]
[]
[]
[]
[]
[]
[]
[]
[]
[]
[]
[]
[]
[]
[]
[]
[]
[]
[]
[]
[]
[]
[]
[]
[]
[]
[]
[]
[]
[]
[]
[]
[]
[]
[]
[]
[]
[]
[]
[]
[]
[]
[]
[]
[]
[]
[]
[]
[]
[]
[]
[]
[]
[]
[]
[]
[]
[]
[]
[]
[]
[]
[]
[]
[]
[]
[]
[]
[]
[]
[]
[]
[]
[]
[]
[]
[]
[]
[]
[]
[]
[]
[]
[]
[]
[]
[]
[]
[]
[]
[]
[]
[]
[]
[]
[]
[]
[]
[]
[]
[]
[]
[]
[]
[]
[]
[]
[]
[]
[]
[]
[]
[]
[]
[]
[]
[]
[]
[]
[]
[]
[]
[]
[]
[]
[]
[]
[]
[]
[]
[]
[]
[]
[]
[]
[]
[]
[]
[]
[]
[]
[]
[]
[]
[]
[]
[]
[]
[]
[]
[]
[]
[]
[]
[]
[]
[]
[]
[]
[]
[]
[]
[]
[]
[]
[]
[]
[]
[]
[]
[]
[]
[]
[]
[]
[]
[]
[]
[]
[]
[]
[]
[]
[]
[]
[]
[]
[]
[]
[]
[]
[]
[]
[]
[]
[]
[]
[]
[]
[]
[]
[]
[]
[]
[]
[]
[]
[]
[]
[]
[]
[]
[]
[]
[]
[]
[]
[]
[]
[]
[]
[]
[]
[]
[]
[]
[]
[]
[]
[]
[]
[]
[]
[]
[]
[]
[]
[]
[]
[]
[]
[]
[]
[]
[]
[]
[]
[]
[]
[]
[]
[]
[]
[]
[]
[]
[]
[]
[]
[]
[]
[]
[]
[]
[]
[]
[]
[]
[]
[]
[]
[]
[]
[]
[]
[]
[]
[]
[]
[]
[]
[]
[]
[]
[]
[]
[]
[]
[]
[]
[]
[]
[]
[]
[]
[]
[]
[]
[]
[]
[]
[]
[]
[]
[]
[]
[]
[]
[]
[]
[]
[]
[]
[]
[]
[]
[]
[]
[]
[]
[]
[]
[]
[]
[]
[]
[]
[]
[]
[]
[]
[]
[]
[]
[]
[]
[]
[]
[]
[]
[]
[]
[]
[]
[]
[]
[]
[]
[]
[]
[]
[]
[]
[]
[]
[]
[]
[]
[]
[]
[]
[]
[]
[]
[]
[]
[]
[]
[]
[]
[]
[]
[]
[]
[]
[]
[]
[]
[]
[]
[]
[]
[]
[]
[]
[]
[]
[]
[]
[]
[]
[]
[]
[]
[]
[]
[]
[]
[]
[]
[]
[]
[]
[]
[]
[]
[]
[]
[]
[]
[]
[]
[]
[]
[]
[]
[]
[]
[]
[]
[]
[]
[]
[]
[]
[]
[]
[]
[]
[]
[]
[]
[]
[]
[]
[]
[]
[]
[]
[]
[]
[]
[]
[]
[]
[]
[]
[]
[]
[]
[]
[]
[]
[]
[]
[]
[]
[]
[]
[]
[]
[]
[]
[]
[]
[]
[]
[]
[]
[]
[]
[]
[]
[]
[]
[]
[]
[]
[]
[]
[]
[]
[]
[]
[]
[]
[]
[]
[]
[]
[]
[]
[]
[]
[]
[]
[]
[]
[]
[]
[]
[]
[]
[]
[]
[]
[]
[]
[]
[]
[]
[]
[]
[]
[]
[]
[]
[]
[]
[]
[]
[]
[]
[]
[]
[]
[]
[]
[]
[]
[]
[]
[]
[]
[]
[]
[]
[]
[]
[]
[]
[]
[]
[]
[]
[]
[]
[]
[]
[]
[]
[]
[]
[]
[]
[]
[]
[]
[]
[]
[]
[]
[]
[]
[]
[]
[]
[]
[]
[]
[]
[]
[]
[]
[]
[]
[]
[]
[]
[]
[]
[]
[]
[]
[]
[]
[]
[]
[]
[]
[]
[]
[]
[]
[]
[]
[]
[]
[]
[]
[]
[]
[]
[]
[]
[]
[]
[]
[]
[]
[]
[]
[]
[]
[]
[]
[]
[]
[]
[]
[]
[]
[]
[]
[]
[]
[]
[]
[]
[]
[]
[]
[]
[]
[]
[]
[]
[]
[]
[]
[]
[]
[]
[]
[]
[]
[]
[]
[]
[]
[]
[]
[]
[]
[]
[]
[]
[]
[]
[]
[]
[]
[]
[]
[]
[]
[]
[]
null
null
null
[]
[]
[]
[]
[]
[]
[]
[]
[]
[]
[]
[]
[]
[]
[]
[]
[]
[]
[]
[]
[]
[]
[]
[]
[]
[]
[]
[]
[]
[]
[]
[]
[]
[]
[]
[]
[]
[]
[]
[]
[]
[]
[]
[]
[]
[]
[]
[]
[]
[]
[]
[]
[]
[]
[]
[]
[]
[]
[]
[]
[]
[]
[]
[]
[]
[]
[]
[]
[]
[]
[]
[]
[]
[]
[]
[]
[]
[]
[]
[]
[]
[]
[]
[]
[]
[]
[]
[]
[]
